# JRE version: OpenJDK Runtime Environment Temurin-21.0.6+7 (21.0.6+7) (build 21.0.6+7-LTS)
# Java VM: OpenJDK 64-Bit Server VM Temurin-21.0.6+7 (21.0.6+7-LTS, mixed mode, sharing, tiered, compressed oops, compressed class ptrs, parallel gc, windows-amd64)
GC Precious Log:
 CardTable entry size: 512
 CPUs: 4 total, 4 available
 Memory: 6036M
 Large Page Support: Disabled
 NUMA Support: Disabled
 Compressed Oops: Enabled (32-bit)
 Alignments: Space 512K, Generation 512K, Heap 2M
 Heap Min Capacity: 100M
 Heap Initial Capacity: 100M
 Heap Max Capacity: 1G
 Pre-touch: Disabled
 Parallel Workers: 4
Heap:
 PSYoungGen      total 2048K, used 1527K [0x00000000eab00000, 0x00000000eaf00000, 0x0000000100000000)
  eden space 1536K, 82% used [0x00000000eab00000,0x00000000eac3dee8,0x00000000eac80000)
  from space 512K, 50% used [0x00000000eae00000,0x00000000eae40080,0x00000000eae80000)
  to   space 512K, 0% used [0x00000000eae80000,0x00000000eae80000,0x00000000eaf00000)
 ParOldGen       total 415744K, used 415569K [0x00000000c0000000, 0x00000000d9600000, 0x00000000eab00000)
  object space 415744K, 99% used [0x00000000c0000000,0x00000000d95d47f0,0x00000000d9600000)
 Metaspace       used 63552K, committed 64960K, reserved 1114112K
  class space    used 6544K, committed 7168K, reserved 1048576K
GC Heap History (20 events):
Event: 86.738 GC heap before
{Heap before GC invocations=295 (full 3):
 PSYoungGen      total 1024K, used 999K [0x00000000eab00000, 0x00000000eae80000, 0x0000000100000000)
  eden space 512K, 100% used [0x00000000eab00000,0x00000000eab80000,0x00000000eab80000)
  from space 512K, 95% used [0x00000000eab80000,0x00000000eabf9e90,0x00000000eac00000)
  to   space 1536K, 0% used [0x00000000ead00000,0x00000000ead00000,0x00000000eae80000)
 ParOldGen       total 410112K, used 409644K [0x00000000c0000000, 0x00000000d9080000, 0x00000000eab00000)
  object space 410112K, 99% used [0x00000000c0000000,0x00000000d900b0c8,0x00000000d9080000)
 Metaspace       used 61277K, committed 62656K, reserved 1114112K
  class space    used 6310K, committed 6912K, reserved 1048576K
}
Event: 86.742 GC heap after
{Heap after GC invocations=295 (full 3):
 PSYoungGen      total 2048K, used 448K [0x00000000eab00000, 0x00000000eae00000, 0x0000000100000000)
  eden space 1024K, 0% used [0x00000000eab00000,0x00000000eab00000,0x00000000eac00000)
  from space 1024K, 43% used [0x00000000ead00000,0x00000000ead70000,0x00000000eae00000)
  to   space 1024K, 0% used [0x00000000eac00000,0x00000000eac00000,0x00000000ead00000)
 ParOldGen       total 410112K, used 410070K [0x00000000c0000000, 0x00000000d9080000, 0x00000000eab00000)
  object space 410112K, 99% used [0x00000000c0000000,0x00000000d9075b00,0x00000000d9080000)
 Metaspace       used 61277K, committed 62656K, reserved 1114112K
  class space    used 6310K, committed 6912K, reserved 1048576K
}
Event: 86.746 GC heap before
{Heap before GC invocations=296 (full 3):
 PSYoungGen      total 2048K, used 1472K [0x00000000eab00000, 0x00000000eae00000, 0x0000000100000000)
  eden space 1024K, 100% used [0x00000000eab00000,0x00000000eac00000,0x00000000eac00000)
  from space 1024K, 43% used [0x00000000ead00000,0x00000000ead70000,0x00000000eae00000)
  to   space 1024K, 0% used [0x00000000eac00000,0x00000000eac00000,0x00000000ead00000)
 ParOldGen       total 410112K, used 410070K [0x00000000c0000000, 0x00000000d9080000, 0x00000000eab00000)
  object space 410112K, 99% used [0x00000000c0000000,0x00000000d9075b00,0x00000000d9080000)
 Metaspace       used 61277K, committed 62656K, reserved 1114112K
  class space    used 6310K, committed 6912K, reserved 1048576K
}
Event: 86.749 GC heap after
{Heap after GC invocations=296 (full 3):
 PSYoungGen      total 2048K, used 1024K [0x00000000eab00000, 0x00000000eb080000, 0x0000000100000000)
  eden space 1024K, 0% used [0x00000000eab00000,0x00000000eab00000,0x00000000eac00000)
  from space 1024K, 100% used [0x00000000eac00000,0x00000000ead00000,0x00000000ead00000)
  to   space 2048K, 0% used [0x00000000eae80000,0x00000000eae80000,0x00000000eb080000)
 ParOldGen       total 410624K, used 410512K [0x00000000c0000000, 0x00000000d9100000, 0x00000000eab00000)
  object space 410624K, 99% used [0x00000000c0000000,0x00000000d90e40c0,0x00000000d9100000)
 Metaspace       used 61277K, committed 62656K, reserved 1114112K
  class space    used 6310K, committed 6912K, reserved 1048576K
}
Event: 87.363 GC heap before
{Heap before GC invocations=297 (full 3):
 PSYoungGen      total 2048K, used 2047K [0x00000000eab00000, 0x00000000eb080000, 0x0000000100000000)
  eden space 1024K, 99% used [0x00000000eab00000,0x00000000eabfffb8,0x00000000eac00000)
  from space 1024K, 100% used [0x00000000eac00000,0x00000000ead00000,0x00000000ead00000)
  to   space 2048K, 0% used [0x00000000eae80000,0x00000000eae80000,0x00000000eb080000)
 ParOldGen       total 410624K, used 410512K [0x00000000c0000000, 0x00000000d9100000, 0x00000000eab00000)
  object space 410624K, 99% used [0x00000000c0000000,0x00000000d90e40c0,0x00000000d9100000)
 Metaspace       used 61343K, committed 62720K, reserved 1114112K
  class space    used 6317K, committed 6912K, reserved 1048576K
}
Event: 87.371 GC heap after
{Heap after GC invocations=297 (full 3):
 PSYoungGen      total 2048K, used 408K [0x00000000eab00000, 0x00000000eaf00000, 0x0000000100000000)
  eden space 1536K, 0% used [0x00000000eab00000,0x00000000eab00000,0x00000000eac80000)
  from space 512K, 79% used [0x00000000eae80000,0x00000000eaee6270,0x00000000eaf00000)
  to   space 1024K, 0% used [0x00000000ead00000,0x00000000ead00000,0x00000000eae00000)
 ParOldGen       total 411648K, used 411504K [0x00000000c0000000, 0x00000000d9200000, 0x00000000eab00000)
  object space 411648K, 99% used [0x00000000c0000000,0x00000000d91dc0c0,0x00000000d9200000)
 Metaspace       used 61343K, committed 62720K, reserved 1114112K
  class space    used 6317K, committed 6912K, reserved 1048576K
}
Event: 87.452 GC heap before
{Heap before GC invocations=298 (full 3):
 PSYoungGen      total 2048K, used 1927K [0x00000000eab00000, 0x00000000eaf00000, 0x0000000100000000)
  eden space 1536K, 98% used [0x00000000eab00000,0x00000000eac7bb90,0x00000000eac80000)
  from space 512K, 79% used [0x00000000eae80000,0x00000000eaee6270,0x00000000eaf00000)
  to   space 1024K, 0% used [0x00000000ead00000,0x00000000ead00000,0x00000000eae00000)
 ParOldGen       total 411648K, used 411504K [0x00000000c0000000, 0x00000000d9200000, 0x00000000eab00000)
  object space 411648K, 99% used [0x00000000c0000000,0x00000000d91dc0c0,0x00000000d9200000)
 Metaspace       used 61470K, committed 62848K, reserved 1114112K
  class space    used 6331K, committed 6912K, reserved 1048576K
}
Event: 87.456 GC heap after
{Heap after GC invocations=298 (full 3):
 PSYoungGen      total 2560K, used 232K [0x00000000eab00000, 0x00000000eaf00000, 0x0000000100000000)
  eden space 1536K, 0% used [0x00000000eab00000,0x00000000eab00000,0x00000000eac80000)
  from space 1024K, 22% used [0x00000000ead00000,0x00000000ead3a230,0x00000000eae00000)
  to   space 512K, 0% used [0x00000000eae80000,0x00000000eae80000,0x00000000eaf00000)
 ParOldGen       total 412160K, used 411815K [0x00000000c0000000, 0x00000000d9280000, 0x00000000eab00000)
  object space 412160K, 99% used [0x00000000c0000000,0x00000000d9229e48,0x00000000d9280000)
 Metaspace       used 61470K, committed 62848K, reserved 1114112K
  class space    used 6331K, committed 6912K, reserved 1048576K
}
Event: 87.558 GC heap before
{Heap before GC invocations=299 (full 3):
 PSYoungGen      total 2560K, used 1768K [0x00000000eab00000, 0x00000000eaf00000, 0x0000000100000000)
  eden space 1536K, 100% used [0x00000000eab00000,0x00000000eac80000,0x00000000eac80000)
  from space 1024K, 22% used [0x00000000ead00000,0x00000000ead3a230,0x00000000eae00000)
  to   space 512K, 0% used [0x00000000eae80000,0x00000000eae80000,0x00000000eaf00000)
 ParOldGen       total 412160K, used 411815K [0x00000000c0000000, 0x00000000d9280000, 0x00000000eab00000)
  object space 412160K, 99% used [0x00000000c0000000,0x00000000d9229e48,0x00000000d9280000)
 Metaspace       used 61657K, committed 63040K, reserved 1114112K
  class space    used 6344K, committed 6912K, reserved 1048576K
}
Event: 87.559 GC heap after
{Heap after GC invocations=299 (full 3):
 PSYoungGen      total 2048K, used 128K [0x00000000eab00000, 0x00000000eaf00000, 0x0000000100000000)
  eden space 1536K, 0% used [0x00000000eab00000,0x00000000eab00000,0x00000000eac80000)
  from space 512K, 25% used [0x00000000eae80000,0x00000000eaea0000,0x00000000eaf00000)
  to   space 512K, 0% used [0x00000000eae00000,0x00000000eae00000,0x00000000eae80000)
 ParOldGen       total 412160K, used 411935K [0x00000000c0000000, 0x00000000d9280000, 0x00000000eab00000)
  object space 412160K, 99% used [0x00000000c0000000,0x00000000d9247e68,0x00000000d9280000)
 Metaspace       used 61657K, committed 63040K, reserved 1114112K
  class space    used 6344K, committed 6912K, reserved 1048576K
}
Event: 87.684 GC heap before
{Heap before GC invocations=300 (full 3):
 PSYoungGen      total 2048K, used 1664K [0x00000000eab00000, 0x00000000eaf00000, 0x0000000100000000)
  eden space 1536K, 100% used [0x00000000eab00000,0x00000000eac80000,0x00000000eac80000)
  from space 512K, 25% used [0x00000000eae80000,0x00000000eaea0000,0x00000000eaf00000)
  to   space 512K, 0% used [0x00000000eae00000,0x00000000eae00000,0x00000000eae80000)
 ParOldGen       total 412160K, used 411935K [0x00000000c0000000, 0x00000000d9280000, 0x00000000eab00000)
  object space 412160K, 99% used [0x00000000c0000000,0x00000000d9247e68,0x00000000d9280000)
 Metaspace       used 61757K, committed 63168K, reserved 1114112K
  class space    used 6353K, committed 6976K, reserved 1048576K
}
Event: 87.688 GC heap after
{Heap after GC invocations=300 (full 3):
 PSYoungGen      total 2048K, used 352K [0x00000000eab00000, 0x00000000eaf00000, 0x0000000100000000)
  eden space 1536K, 0% used [0x00000000eab00000,0x00000000eab00000,0x00000000eac80000)
  from space 512K, 68% used [0x00000000eae00000,0x00000000eae58000,0x00000000eae80000)
  to   space 512K, 0% used [0x00000000eae80000,0x00000000eae80000,0x00000000eaf00000)
 ParOldGen       total 412160K, used 411967K [0x00000000c0000000, 0x00000000d9280000, 0x00000000eab00000)
  object space 412160K, 99% used [0x00000000c0000000,0x00000000d924fe68,0x00000000d9280000)
 Metaspace       used 61757K, committed 63168K, reserved 1114112K
  class space    used 6353K, committed 6976K, reserved 1048576K
}
Event: 87.955 GC heap before
{Heap before GC invocations=301 (full 3):
 PSYoungGen      total 2048K, used 1888K [0x00000000eab00000, 0x00000000eaf00000, 0x0000000100000000)
  eden space 1536K, 100% used [0x00000000eab00000,0x00000000eac80000,0x00000000eac80000)
  from space 512K, 68% used [0x00000000eae00000,0x00000000eae58000,0x00000000eae80000)
  to   space 512K, 0% used [0x00000000eae80000,0x00000000eae80000,0x00000000eaf00000)
 ParOldGen       total 413696K, used 413289K [0x00000000c0000000, 0x00000000d9400000, 0x00000000eab00000)
  object space 413696K, 99% used [0x00000000c0000000,0x00000000d939a5e8,0x00000000d9400000)
 Metaspace       used 61915K, committed 63296K, reserved 1114112K
  class space    used 6370K, committed 6976K, reserved 1048576K
}
Event: 87.959 GC heap after
{Heap after GC invocations=301 (full 3):
 PSYoungGen      total 2048K, used 240K [0x00000000eab00000, 0x00000000eaf00000, 0x0000000100000000)
  eden space 1536K, 0% used [0x00000000eab00000,0x00000000eab00000,0x00000000eac80000)
  from space 512K, 46% used [0x00000000eae80000,0x00000000eaebc010,0x00000000eaf00000)
  to   space 512K, 0% used [0x00000000eae00000,0x00000000eae00000,0x00000000eae80000)
 ParOldGen       total 413696K, used 413545K [0x00000000c0000000, 0x00000000d9400000, 0x00000000eab00000)
  object space 413696K, 99% used [0x00000000c0000000,0x00000000d93da5e8,0x00000000d9400000)
 Metaspace       used 61915K, committed 63296K, reserved 1114112K
  class space    used 6370K, committed 6976K, reserved 1048576K
}
Event: 88.135 GC heap before
{Heap before GC invocations=302 (full 3):
 PSYoungGen      total 2048K, used 1776K [0x00000000eab00000, 0x00000000eaf00000, 0x0000000100000000)
  eden space 1536K, 99% used [0x00000000eab00000,0x00000000eac7fff8,0x00000000eac80000)
  from space 512K, 46% used [0x00000000eae80000,0x00000000eaebc010,0x00000000eaf00000)
  to   space 512K, 0% used [0x00000000eae00000,0x00000000eae00000,0x00000000eae80000)
 ParOldGen       total 413696K, used 413545K [0x00000000c0000000, 0x00000000d9400000, 0x00000000eab00000)
  object space 413696K, 99% used [0x00000000c0000000,0x00000000d93da5e8,0x00000000d9400000)
 Metaspace       used 62147K, committed 63552K, reserved 1114112K
  class space    used 6384K, committed 6976K, reserved 1048576K
}
Event: 88.139 GC heap after
{Heap after GC invocations=302 (full 3):
 PSYoungGen      total 2048K, used 160K [0x00000000eab00000, 0x00000000eaf00000, 0x0000000100000000)
  eden space 1536K, 0% used [0x00000000eab00000,0x00000000eab00000,0x00000000eac80000)
  from space 512K, 31% used [0x00000000eae00000,0x00000000eae28000,0x00000000eae80000)
  to   space 512K, 0% used [0x00000000eae80000,0x00000000eae80000,0x00000000eaf00000)
 ParOldGen       total 413696K, used 413614K [0x00000000c0000000, 0x00000000d9400000, 0x00000000eab00000)
  object space 413696K, 99% used [0x00000000c0000000,0x00000000d93ebbd0,0x00000000d9400000)
 Metaspace       used 62147K, committed 63552K, reserved 1114112K
  class space    used 6384K, committed 6976K, reserved 1048576K
}
Event: 88.357 GC heap before
{Heap before GC invocations=303 (full 3):
 PSYoungGen      total 2048K, used 1696K [0x00000000eab00000, 0x00000000eaf00000, 0x0000000100000000)
  eden space 1536K, 100% used [0x00000000eab00000,0x00000000eac80000,0x00000000eac80000)
  from space 512K, 31% used [0x00000000eae00000,0x00000000eae28000,0x00000000eae80000)
  to   space 512K, 0% used [0x00000000eae80000,0x00000000eae80000,0x00000000eaf00000)
 ParOldGen       total 413696K, used 413614K [0x00000000c0000000, 0x00000000d9400000, 0x00000000eab00000)
  object space 413696K, 99% used [0x00000000c0000000,0x00000000d93ebbd0,0x00000000d9400000)
 Metaspace       used 62324K, committed 63680K, reserved 1114112K
  class space    used 6401K, committed 6976K, reserved 1048576K
}
Event: 88.361 GC heap after
{Heap after GC invocations=303 (full 3):
 PSYoungGen      total 2048K, used 192K [0x00000000eab00000, 0x00000000eaf00000, 0x0000000100000000)
  eden space 1536K, 0% used [0x00000000eab00000,0x00000000eab00000,0x00000000eac80000)
  from space 512K, 37% used [0x00000000eae80000,0x00000000eaeb00b0,0x00000000eaf00000)
  to   space 512K, 0% used [0x00000000eae00000,0x00000000eae00000,0x00000000eae80000)
 ParOldGen       total 413696K, used 413654K [0x00000000c0000000, 0x00000000d9400000, 0x00000000eab00000)
  object space 413696K, 99% used [0x00000000c0000000,0x00000000d93f5bd0,0x00000000d9400000)
 Metaspace       used 62324K, committed 63680K, reserved 1114112K
  class space    used 6401K, committed 6976K, reserved 1048576K
}
Event: 88.853 GC heap before
{Heap before GC invocations=304 (full 3):
 PSYoungGen      total 2048K, used 1728K [0x00000000eab00000, 0x00000000eaf00000, 0x0000000100000000)
  eden space 1536K, 100% used [0x00000000eab00000,0x00000000eac80000,0x00000000eac80000)
  from space 512K, 37% used [0x00000000eae80000,0x00000000eaeb00b0,0x00000000eaf00000)
  to   space 512K, 0% used [0x00000000eae00000,0x00000000eae00000,0x00000000eae80000)
 ParOldGen       total 413696K, used 413654K [0x00000000c0000000, 0x00000000d9400000, 0x00000000eab00000)
  object space 413696K, 99% used [0x00000000c0000000,0x00000000d93f5bd0,0x00000000d9400000)
 Metaspace       used 62411K, committed 63808K, reserved 1114112K
  class space    used 6410K, committed 7040K, reserved 1048576K
}
Event: 88.858 GC heap after
{Heap after GC invocations=304 (full 3):
 PSYoungGen      total 2048K, used 496K [0x00000000eab00000, 0x00000000eaf00000, 0x0000000100000000)
  eden space 1536K, 0% used [0x00000000eab00000,0x00000000eab00000,0x00000000eac80000)
  from space 512K, 96% used [0x00000000eae00000,0x00000000eae7c010,0x00000000eae80000)
  to   space 512K, 0% used [0x00000000eae80000,0x00000000eae80000,0x00000000eaf00000)
 ParOldGen       total 414208K, used 413870K [0x00000000c0000000, 0x00000000d9480000, 0x00000000eab00000)
  object space 414208K, 99% used [0x00000000c0000000,0x00000000d942bbd0,0x00000000d9480000)
 Metaspace       used 62411K, committed 63808K, reserved 1114112K
  class space    used 6410K, committed 7040K, reserved 1048576K
}

